

============================== 2023-02-03 07:03:44.598081 | 4928c46c-8364-4c9d-9817-c777f98bbe9d ==============================
[0m07:03:44.598081 [info ] [MainThread]: Running with dbt=1.4.1
[0m07:03:44.599505 [debug] [MainThread]: running dbt with arguments {'write_json': True, 'use_colors': True, 'printer_width': 80, 'version_check': True, 'partial_parse': True, 'static_parser': True, 'profiles_dir': '/Users/lijichen/.dbt', 'send_anonymous_usage_stats': True, 'quiet': False, 'no_print': False, 'cache_selected_only': False, 'config_dir': False, 'which': 'debug', 'indirect_selection': 'eager'}
[0m07:03:44.599775 [debug] [MainThread]: Tracking: tracking
[0m07:03:44.614709 [debug] [MainThread]: Sending event: {'category': 'dbt', 'action': 'invocation', 'label': 'start', 'context': [<snowplow_tracker.self_describing_json.SelfDescribingJson object at 0x7fe368c8ac90>, <snowplow_tracker.self_describing_json.SelfDescribingJson object at 0x7fe368c91810>, <snowplow_tracker.self_describing_json.SelfDescribingJson object at 0x7fe368c914d0>]}
[0m07:04:21.229388 [debug] [MainThread]: Executing "git --help"
[0m07:04:21.277379 [debug] [MainThread]: STDOUT: "b"usage: git [--version] [--help] [-C <path>] [-c <name>=<value>]\n           [--exec-path[=<path>]] [--html-path] [--man-path] [--info-path]\n           [-p | --paginate | -P | --no-pager] [--no-replace-objects] [--bare]\n           [--git-dir=<path>] [--work-tree=<path>] [--namespace=<name>]\n           <command> [<args>]\n\nThese are common Git commands used in various situations:\n\nstart a working area (see also: git help tutorial)\n   clone     Clone a repository into a new directory\n   init      Create an empty Git repository or reinitialize an existing one\n\nwork on the current change (see also: git help everyday)\n   add       Add file contents to the index\n   mv        Move or rename a file, a directory, or a symlink\n   restore   Restore working tree files\n   rm        Remove files from the working tree and from the index\n\nexamine the history and state (see also: git help revisions)\n   bisect    Use binary search to find the commit that introduced a bug\n   diff      Show changes between commits, commit and working tree, etc\n   grep      Print lines matching a pattern\n   log       Show commit logs\n   show      Show various types of objects\n   status    Show the working tree status\n\ngrow, mark and tweak your common history\n   branch    List, create, or delete branches\n   commit    Record changes to the repository\n   merge     Join two or more development histories together\n   rebase    Reapply commits on top of another base tip\n   reset     Reset current HEAD to the specified state\n   switch    Switch branches\n   tag       Create, list, delete or verify a tag object signed with GPG\n\ncollaborate (see also: git help workflows)\n   fetch     Download objects and refs from another repository\n   pull      Fetch from and integrate with another repository or a local branch\n   push      Update remote refs along with associated objects\n\n'git help -a' and 'git help -g' list available subcommands and some\nconcept guides. See 'git help <command>' or 'git help <concept>'\nto read about a specific subcommand or concept.\nSee 'git help git' for an overview of the system.\n""
[0m07:04:21.279125 [debug] [MainThread]: STDERR: "b''"
[0m07:04:21.295887 [debug] [MainThread]: Acquiring new databricks connection 'debug'
[0m07:04:21.297644 [debug] [MainThread]: Using databricks connection "debug"
[0m07:04:21.298562 [debug] [MainThread]: On debug: select 1 as id
[0m07:04:21.299630 [debug] [MainThread]: Opening a new connection, currently in state init
[0m07:04:22.609421 [debug] [MainThread]: Databricks adapter: <class 'databricks.sql.exc.RequestError'>: Error during request to server: [SSL: CERTIFICATE_VERIFY_FAILED] certificate verify failed: self signed certificate in certificate chain (_ssl.c:1091)
[0m07:04:22.610003 [debug] [MainThread]: Databricks adapter: attempt: 1/30
[0m07:04:22.610440 [debug] [MainThread]: Databricks adapter: bounded-retry-delay: None
[0m07:04:22.610809 [debug] [MainThread]: Databricks adapter: elapsed-seconds: 1.2498390674591064/900.0
[0m07:04:22.611144 [debug] [MainThread]: Databricks adapter: error-message: [SSL: CERTIFICATE_VERIFY_FAILED] certificate verify failed: self signed certificate in certificate chain (_ssl.c:1091)
[0m07:04:22.611473 [debug] [MainThread]: Databricks adapter: http-code: None
[0m07:04:22.611808 [debug] [MainThread]: Databricks adapter: method: OpenSession
[0m07:04:22.612129 [debug] [MainThread]: Databricks adapter: no-retry-reason: non-retryable error
[0m07:04:22.612459 [debug] [MainThread]: Databricks adapter: original-exception: [SSL: CERTIFICATE_VERIFY_FAILED] certificate verify failed: self signed certificate in certificate chain (_ssl.c:1091)
[0m07:04:22.612788 [debug] [MainThread]: Databricks adapter: query-id: None
[0m07:04:22.613111 [debug] [MainThread]: Databricks adapter: session-id: None
[0m07:04:22.613626 [debug] [MainThread]: Databricks adapter: Error while running:
select 1 as id
[0m07:04:22.614302 [debug] [MainThread]: Databricks adapter: Database Error
  Error during request to server: [SSL: CERTIFICATE_VERIFY_FAILED] certificate verify failed: self signed certificate in certificate chain (_ssl.c:1091)
[0m07:04:22.614834 [debug] [MainThread]: On debug: No close available on handle
[0m07:04:22.615433 [debug] [MainThread]: Sending event: {'category': 'dbt', 'action': 'invocation', 'label': 'end', 'context': [<snowplow_tracker.self_describing_json.SelfDescribingJson object at 0x7fe348b4ba90>, <snowplow_tracker.self_describing_json.SelfDescribingJson object at 0x7fe348b4b990>, <snowplow_tracker.self_describing_json.SelfDescribingJson object at 0x7fe348b4b590>]}
[0m07:04:22.616030 [debug] [MainThread]: Flushing usage events
[0m07:04:24.446029 [debug] [MainThread]: Connection 'debug' was properly closed.
